deployed Owned in 
deployed SafeDecimalMath in 0xab85b64EbF28b029a646961Dc2B8a90774315254
deployed Math in 0xEdE37c69fA9245c06E9F10a32348e03F68bCB863
deployed PublicSafeDecimalMath in 0xC66453F68c167a64aE060adAf68A0E8CbA4bA665
deployed PublicMath in 0xd170C2AABAda9AEC20dBE00E9E5bb5eE46Da9016
deployed AddressResolver in 0xfc68720A79992bAa8c959fac132dE88d01635D15
deployed SystemStatus in 0x23E17e075011aB9cFd3236ab360F4b434Fe7F5Ee
deployed ExchangeRates in 0x5fb36D90440903aa3f278864f55baf596971FB0F
deployed SynthetixEscrow in 0x459F9B82397d0C21E4A76e4aEBD3e456Fe7210Fc
deployed RewardEscrow in 0x118dc1fd85017ea80Fa5BE23Edc343658CE5812e
deployed SynthetixState in 0x5882Ef78Aba37Ff620f777f6DA498568c6a22232
deployed EternalStorage in 0x4905b4182Daf77FEc85f0b2102288f99740D3F7c
deployed DelegateApprovals in 0x97BE8E4DC92588D668Bf256996F5cf30E6b12d64
deployed feePoolProxy Proxy in 0x71530829173f42b3C88916ADde49543726666372
deployed FeePoolState in 0x4A0Ab89C5F4E6fB63b969d377D1F68Bde5952E60
deployed FeePoolEternalStorage in 0xc476B35e60C1D7f4e17Abf474806226a0f7eaf52
deployed FeePool in 0xB4236aC219c2da94A8691479eF9bB8967583d68B
deployed RewardsDistribution in 0x8B3251C56cb50E5E5aA1F8960491DE13c8Ed9F20
deployed SupplySchedule in 0x323a176003cB50943535c6256f4367ff616e8cda
deployed synthetixProxy Proxy in 0x752D8c96E53a4f9a43d3c717B70C27D601DcDE92
deployed synthetixTokenState TokenState in 0x1FF87eb01f5728b0D9Ee411c284e7cFE3345734a
deployed Synthetix in 0xe9E7c9317e0e250E6c2bc60c39767323803E4495
deployed TokenState in 0x6cb25CB854A8F887325dE36bd2e9aE8E2C78af18
deployed Proxy in 0x23702AC55994D1b1d85f2064265Adf499E472214
deployed Synth in 0x5dF564f8e73Af0D0465D0f5B335727449c7281a2
deployed TokenState in 0x7Ae691A477283a796C96a983D31fa31659975b6E
deployed Proxy in 0x03c2bd9c18e353696de4135986bd6c68C192206D
deployed Synth in 0x8CFCB44Ed8a44aE1a9708C4EdE18271A80e62322
deployed TokenState in 0x2113a02383fCa92cF9494f8609766A8c2fE552E1
deployed Proxy in 0xEB29E632796DcFB0A90e17015222C501ea5fec19
deployed Synth in 0xAbB053CeF1d10c3dd8856110e198bbb982b112cf
deployed TokenState in 0x637369B75C0639ddCBc0F9199aF829bE02885dAb
deployed Proxy in 0xD0e3CFfe404e4938c25565dd385660f1A0ccAa09
deployed Synth in 0x1CF7f2F2580D5F37fEd809A693c1afA4ee3B322D
deployed TokenState in 0x4Ce8Ce87d946a334A1151607e9fdf0BCe448BEB3
deployed Proxy in 0x7424133Da39EA7936F7e982B25ad44aa69d228cC
deployed Synth in 0x2f936cEfe620b4C57195A818791Ef789A9b3B481
deployed TokenState in 0xE88E236648faeC825D15d2074D97CE160eCD81d8
deployed Proxy in 0x97B3246Ef60785ED6C724F97e08DC0d0dB0b414e
deployed MultiCollateralSynth in 0xE742ED68AD75856F01F3B320b4Df0b454b08A02C
deployed Depot in 0x45B5920629913E41D631b22dc6F9AB7b53957fE7
deployed EtherCollateral in 0x7063173C8b932FbbD69C006cC77439543f6067B1
deployed SelfDestructible in 0x3159978a1DA38cD620508B82E625f6eEb3f6A827
deployed Exchanger in 0x362e2F79280DCAFCD836fECBCFA41d5005A0Ea62
deployed ExchangeState in 0xE64203914A229f630c5098B2951097723a5AF7fF
deployed Issuer in 0xd3eE0D41d86D7975BFf8855c5a3324B439C9849b
